<html>
<body>
<pre>
<h1>µVision Build Log</h1>
<h2>Tool Versions:</h2>
IDE-Version: ¦ÌVision V5.25.3.0
Copyright (C) 2018 ARM Ltd and ARM Germany GmbH. All rights reserved.
License Information: 1 1, 1, LIC=UJ4EI-TBY6Q-ZDUK7-EUX1R-QY6SF-AQVI9
 
Tool Versions:
Toolchain:       PK251 Prof. Developers Kit  Version: 5.60.0.0
Toolchain Path:  C:\Keil_v5\C251\BIN
C Compiler:      C251.exe V5.60.0.0
Assembler:       A251.exe V4.69.13.0
Linker/Locator:  L251.exe V4.66.93.0
Library Manager: LIB251.exe V4.30.1.0
Hex Converter:   OH251.exe V1.47.0.0
CPU DLL:         S251.DLL V3.129.0.0
Dialog DLL:      DCORE51.DLL V2.81.6.0
Target DLL:      MON251.DLL V2.51.0.0
Dialog DLL:      TCORE51.DLL V2.66.4.0
 
<h2>Project:</h2>
E:\Coding\Embedded\ShoppingRobot-STC32G12K128\STC32G_³¬ÊÐ»úÆ÷ÈË_µ×ÅÌ\SEEKFREE.uvproj
Project File Date:  04/15/2024

<h2>Output:</h2>
Build target 'STC32G12K128'
compiling board.c...
compiling zf_adc.c...
compiling zf_delay.c...
compiling zf_eeprom.c...
compiling zf_exti.c...
compiling zf_gpio.c...
compiling zf_nvic.c...
compiling zf_pwm.c...
compiling zf_spi.c...
compiling zf_tim.c...
compiling zf_uart.c...
compiling zf_fifo.c...
compiling zf_iic.c...
compiling SEEKFREE_18TFT.c...
compiling SEEKFREE_BLUETOOTH_CH9141.c...
compiling SEEKFREE_DL1A.c...
compiling SEEKFREE_DL1B.c...
compiling SEEKFREE_FONT.c...
compiling SEEKFREE_ICM20602.c...
compiling SEEKFREE_IMU660RA.c...
compiling SEEKFREE_IMU963RA.c...
compiling SEEKFREE_IPS114_SPI.c...
compiling SEEKFREE_MPU6050.c...
compiling SEEKFREE_OLED.c...
compiling SEEKFREE_PRINTF.c...
compiling SEEKFREE_TSL1401.c...
compiling SEEKFREE_VIRSCO.c...
compiling SEEKFREE_WIRELESS.c...
compiling SEEKFREE_WIRELESS_CH573.c...
compiling main.c...
compiling qmc5883.c...
Project\CODE\qmc5883.c(7): error C25: syntax error near 'if'
Project\CODE\qmc5883.c(7): error C154: cannot allocate an array of constant size 0
Project\CODE\qmc5883.c(7): error C25: syntax error near '=='
Project\CODE\qmc5883.c(7): error C25: syntax error near '=='
Project\CODE\qmc5883.c(7): error C25: syntax error near '=='
Project\CODE\qmc5883.c(7): error C25: syntax error near '=='
Project\CODE\qmc5883.c(7): error C25: syntax error near '=='
Project\CODE\qmc5883.c(9): error C67: 'uart3_rx_counter': undefined identifier
Project\CODE\qmc5883.c(9): error C25: syntax error near '!='
Project\CODE\qmc5883.c(11): error C67: 'uart3_rx_counter': undefined identifier
Project\CODE\qmc5883.c(11): error C67: 'uart3_rx_counter': undefined identifier
Project\CODE\qmc5883.c(11): error C67: 'uart3_rx_buffer': undefined identifier
Project\CODE\qmc5883.c(12): error C25: syntax error near '}'
Project\CODE\qmc5883.c(15): error C53: redefinition of 'uart3_rx_counter': different basic types
Project\CODE\qmc5883.c(15): error C73: sizeof illegal operand taken
Project\CODE\qmc5883.c(16): error C25: syntax error near '}'
Project\CODE\qmc5883.c(19): error C154: cannot allocate an array of constant size 0
Project\CODE\qmc5883.c(19): error C25: syntax error near '=='
Project\CODE\qmc5883.c(19): error C25: syntax error near '=='
Project\CODE\qmc5883.c(19): error C7: compilation aborted
compiling uart.c...
compiling isr.c...
compiling key.c...
compiling host_comm.c...
Project\CODE\host_comm.c(1): warning C38: empty translation unit
compiling laser_ranging.c...
compiling motor_driver_boards.c...
compiling seekfree_assistant.c...
compiling seekfree_assistant_inface.c...
Target not created.
Build Time Elapsed:  00:00:04
</pre>
</body>
</html>
